Determining if the Q_WS_WIN exist failed with the following output:
Change Dir: /home/atwag/Dropbox/HSMM_SimDyad_New/pyhsmm/deps/Eigen3/build_dir/CMakeFiles/CMakeTmp

Run Build Command:/usr/bin/make "cmTryCompileExec247026292/fast"
/usr/bin/make -f CMakeFiles/cmTryCompileExec247026292.dir/build.make CMakeFiles/cmTryCompileExec247026292.dir/build
make[1]: Entering directory `/home/atwag/Dropbox/HSMM_SimDyad_New/pyhsmm/deps/Eigen3/build_dir/CMakeFiles/CMakeTmp'
/usr/bin/cmake -E cmake_progress_report /home/atwag/Dropbox/HSMM_SimDyad_New/pyhsmm/deps/Eigen3/build_dir/CMakeFiles/CMakeTmp/CMakeFiles 1
Building CXX object CMakeFiles/cmTryCompileExec247026292.dir/CheckSymbolExists.cxx.o
/usr/bin/c++    -Wnon-virtual-dtor -Wno-long-long -ansi -Wundef -Wcast-align -Wchar-subscripts -Wall -W -Wpointer-arith -Wwrite-strings -Wformat-security -fexceptions -fno-check-new -fno-common -fstrict-aliasing -Wno-variadic-macros -Wextra -pedantic -O1 -g1   -I/usr/include/qt4    -o CMakeFiles/cmTryCompileExec247026292.dir/CheckSymbolExists.cxx.o -c /home/atwag/Dropbox/HSMM_SimDyad_New/pyhsmm/deps/Eigen3/build_dir/CMakeFiles/CMakeTmp/CheckSymbolExists.cxx
/home/atwag/Dropbox/HSMM_SimDyad_New/pyhsmm/deps/Eigen3/build_dir/CMakeFiles/CMakeTmp/CheckSymbolExists.cxx: In function ‘int main(int, char**)’:
/home/atwag/Dropbox/HSMM_SimDyad_New/pyhsmm/deps/Eigen3/build_dir/CMakeFiles/CMakeTmp/CheckSymbolExists.cxx:8:19: error: ‘Q_WS_WIN’ was not declared in this scope
make[1]: Leaving directory `/home/atwag/Dropbox/HSMM_SimDyad_New/pyhsmm/deps/Eigen3/build_dir/CMakeFiles/CMakeTmp'
make[1]: *** [CMakeFiles/cmTryCompileExec247026292.dir/CheckSymbolExists.cxx.o] Error 1
make: *** [cmTryCompileExec247026292/fast] Error 2

File /home/atwag/Dropbox/HSMM_SimDyad_New/pyhsmm/deps/Eigen3/build_dir/CMakeFiles/CMakeTmp/CheckSymbolExists.cxx:
/* */
#include <QtCore/qglobal.h>

int main(int argc, char** argv)
{
  (void)argv;
#ifndef Q_WS_WIN
  return ((int*)(&Q_WS_WIN))[argc];
#else
  (void)argc;
  return 0;
#endif
}

Determining if the Q_WS_QWS exist failed with the following output:
Change Dir: /home/atwag/Dropbox/HSMM_SimDyad_New/pyhsmm/deps/Eigen3/build_dir/CMakeFiles/CMakeTmp

Run Build Command:/usr/bin/make "cmTryCompileExec2626210952/fast"
/usr/bin/make -f CMakeFiles/cmTryCompileExec2626210952.dir/build.make CMakeFiles/cmTryCompileExec2626210952.dir/build
make[1]: Entering directory `/home/atwag/Dropbox/HSMM_SimDyad_New/pyhsmm/deps/Eigen3/build_dir/CMakeFiles/CMakeTmp'
/usr/bin/cmake -E cmake_progress_report /home/atwag/Dropbox/HSMM_SimDyad_New/pyhsmm/deps/Eigen3/build_dir/CMakeFiles/CMakeTmp/CMakeFiles 1
Building CXX object CMakeFiles/cmTryCompileExec2626210952.dir/CheckSymbolExists.cxx.o
/usr/bin/c++    -Wnon-virtual-dtor -Wno-long-long -ansi -Wundef -Wcast-align -Wchar-subscripts -Wall -W -Wpointer-arith -Wwrite-strings -Wformat-security -fexceptions -fno-check-new -fno-common -fstrict-aliasing -Wno-variadic-macros -Wextra -pedantic -O1 -g1   -I/usr/include/qt4    -o CMakeFiles/cmTryCompileExec2626210952.dir/CheckSymbolExists.cxx.o -c /home/atwag/Dropbox/HSMM_SimDyad_New/pyhsmm/deps/Eigen3/build_dir/CMakeFiles/CMakeTmp/CheckSymbolExists.cxx
/home/atwag/Dropbox/HSMM_SimDyad_New/pyhsmm/deps/Eigen3/build_dir/CMakeFiles/CMakeTmp/CheckSymbolExists.cxx: In function ‘int main(int, char**)’:
/home/atwag/Dropbox/HSMM_SimDyad_New/pyhsmm/deps/Eigen3/build_dir/CMakeFiles/CMakeTmp/CheckSymbolExists.cxx:8:19: error: ‘Q_WS_QWS’ was not declared in this scope
make[1]: Leaving directory `/home/atwag/Dropbox/HSMM_SimDyad_New/pyhsmm/deps/Eigen3/build_dir/CMakeFiles/CMakeTmp'
make[1]: *** [CMakeFiles/cmTryCompileExec2626210952.dir/CheckSymbolExists.cxx.o] Error 1
make: *** [cmTryCompileExec2626210952/fast] Error 2

File /home/atwag/Dropbox/HSMM_SimDyad_New/pyhsmm/deps/Eigen3/build_dir/CMakeFiles/CMakeTmp/CheckSymbolExists.cxx:
/* */
#include <QtCore/qglobal.h>

int main(int argc, char** argv)
{
  (void)argv;
#ifndef Q_WS_QWS
  return ((int*)(&Q_WS_QWS))[argc];
#else
  (void)argc;
  return 0;
#endif
}

Determining if the Q_WS_MAC exist failed with the following output:
Change Dir: /home/atwag/Dropbox/HSMM_SimDyad_New/pyhsmm/deps/Eigen3/build_dir/CMakeFiles/CMakeTmp

Run Build Command:/usr/bin/make "cmTryCompileExec3275540790/fast"
/usr/bin/make -f CMakeFiles/cmTryCompileExec3275540790.dir/build.make CMakeFiles/cmTryCompileExec3275540790.dir/build
make[1]: Entering directory `/home/atwag/Dropbox/HSMM_SimDyad_New/pyhsmm/deps/Eigen3/build_dir/CMakeFiles/CMakeTmp'
/usr/bin/cmake -E cmake_progress_report /home/atwag/Dropbox/HSMM_SimDyad_New/pyhsmm/deps/Eigen3/build_dir/CMakeFiles/CMakeTmp/CMakeFiles 1
Building CXX object CMakeFiles/cmTryCompileExec3275540790.dir/CheckSymbolExists.cxx.o
/usr/bin/c++    -Wnon-virtual-dtor -Wno-long-long -ansi -Wundef -Wcast-align -Wchar-subscripts -Wall -W -Wpointer-arith -Wwrite-strings -Wformat-security -fexceptions -fno-check-new -fno-common -fstrict-aliasing -Wno-variadic-macros -Wextra -pedantic -O1 -g1   -I/usr/include/qt4    -o CMakeFiles/cmTryCompileExec3275540790.dir/CheckSymbolExists.cxx.o -c /home/atwag/Dropbox/HSMM_SimDyad_New/pyhsmm/deps/Eigen3/build_dir/CMakeFiles/CMakeTmp/CheckSymbolExists.cxx
/home/atwag/Dropbox/HSMM_SimDyad_New/pyhsmm/deps/Eigen3/build_dir/CMakeFiles/CMakeTmp/CheckSymbolExists.cxx: In function ‘int main(int, char**)’:
/home/atwag/Dropbox/HSMM_SimDyad_New/pyhsmm/deps/Eigen3/build_dir/CMakeFiles/CMakeTmp/CheckSymbolExists.cxx:8:19: error: ‘Q_WS_MAC’ was not declared in this scope
make[1]: *** [CMakeFiles/cmTryCompileExec3275540790.dir/CheckSymbolExists.cxx.o] Error 1
make[1]: Leaving directory `/home/atwag/Dropbox/HSMM_SimDyad_New/pyhsmm/deps/Eigen3/build_dir/CMakeFiles/CMakeTmp'
make: *** [cmTryCompileExec3275540790/fast] Error 2

File /home/atwag/Dropbox/HSMM_SimDyad_New/pyhsmm/deps/Eigen3/build_dir/CMakeFiles/CMakeTmp/CheckSymbolExists.cxx:
/* */
#include <QtCore/qglobal.h>

int main(int argc, char** argv)
{
  (void)argv;
#ifndef Q_WS_MAC
  return ((int*)(&Q_WS_MAC))[argc];
#else
  (void)argc;
  return 0;
#endif
}

